[32m[I 2023-04-06 22:05:06,835][0m Trial 44 finished with value: 0.021317899227142334 and parameters: {'optimizer': 'Adam', 'lr': 3.6213900725041205e-05, 'beta_1': 0.5797823085424662, 'beta_2': 0.94166707360272, 'eps': 2.289468619615013e-09}. Best is trial 43 with value: 0.02073519490659237.[0m
Epoch	Bth_Error	Time
0	0.2745	290.51
1	0.2723	290.43
2	0.2722	290.15
3	0.2720	289.67
4	0.2730	290.16
5	0.2718	290.46
6	0.2727	290.33
7	0.2732	290.16
8	0.2747	290.06
[32m[I 2023-04-06 22:53:29,605][0m Trial 45 pruned. [0m
Epoch	Bth_Error	Time
0	0.1429	294.30
1	0.0562	294.58
2	0.0422	293.91
3	0.0364	294.17
4	0.0334	294.12
5	0.0306	294.43
6	0.0291	294.37
7	0.0277	293.88
8	0.0265	294.07
9	0.0258	294.16
10	0.0250	294.23
11	0.0247	294.20
12	0.0238	294.25
13	0.0238	293.78
14	0.0224	294.02
15	0.0221	294.03
16	0.0224	293.79
17	0.0216	293.83
18	0.0213	293.68
19	0.0212	293.73
[32m[I 2023-04-07 00:31:31,927][0m Trial 46 finished with value: 0.021189335733652115 and parameters: {'optimizer': 'Adam', 'lr': 3.748481606828608e-05, 'beta_1': 0.574500930124714, 'beta_2': 0.9511525796336256, 'eps': 2.3588207026881816e-09}. Best is trial 43 with value: 0.02073519490659237.[0m
Epoch	Bth_Error	Time
0	0.2736	292.71
1	0.2755	292.44
2	0.2320	292.26
3	0.0637	292.67
4	0.0517	292.41
5	0.0430	292.40
6	0.0393	292.88
7	0.0362	292.52
8	0.0340	292.29
[32m[I 2023-04-07 01:20:17,744][0m Trial 47 pruned. [0m
Epoch	Bth_Error	Time
0	0.2764	291.51
1	0.2738	289.88
2	0.2728	290.34
3	0.2734	290.54
4	0.2719	290.09
5	0.2720	290.27
6	0.2740	290.02
7	0.2735	290.21
8	0.2720	290.13
[32m[I 2023-04-07 02:08:41,524][0m Trial 48 pruned. [0m
Epoch	Bth_Error	Time
0	0.2734	295.41
1	0.1207	296.75
2	0.0757	296.69
3	0.0668	296.86
4	0.0607	296.67
5	0.0559	296.82
6	0.0519	296.29
7	0.0476	296.82
8	0.0444	296.78
[32m[I 2023-04-07 02:58:08,115][0m Trial 49 pruned. [0m
Study statistics: 
Number of finished trials:  50
Number of pruned trials:  21
Number of complete trials:  29
Best trial:
Value:  0.02073519490659237
Params: 
optimizer: Adam
lr: 0.00010140611176715872
beta_1: 0.5827765295538069
beta_2: 0.9111444332457338
eps: 3.5167735087130234e-09
